<?xml version="1.0" encoding="UTF-8"?>
<!-- Generated by org.testng.reporters.JUnitReportReporter -->
<testsuite hostname="KABIR" failures="0" tests="6" name="test.TestTimeFunctionAll" time="87.851" errors="0" timestamp="2023-02-07T16:29:56 EST" skipped="0">
  <testcase classname="test.TestTimeFunctionAll" name="summeryReportForEngineers" time="17.177"/>
  <system-out/>
  <testcase classname="test.TestTimeFunctionAll" name="attendanceConfiguration" time="12.744"/>
  <system-out/>
  <testcase classname="test.TestTimeFunctionAll" name="projectInfoForCustomers" time="12.027"/>
  <system-out/>
  <testcase classname="test.TestTimeFunctionAll" name="deleteRowFromEditTimeSheet" time="22.559"/>
  <system-out/>
  <testcase classname="test.TestTimeFunctionAll" name="viewSelectedEmployee" time="9.607"/>
  <system-out/>
  <testcase classname="test.TestTimeFunctionAll" name="addRowInEditTimeSheet" time="13.737"/>
  <system-out/>
</testsuite> <!-- test.TestTimeFunctionAll -->
