<?xml version="1.0" encoding="UTF-8"?>
<!-- Generated by org.testng.reporters.JUnitReportReporter -->
<testsuite hostname="KABIR" failures="0" tests="1" name="test.TestPostComments" time="22.856" errors="0" timestamp="2023-02-05T19:53:07 EST" skipped="0">
  <testcase classname="test.TestPostComments" name="postCommentsAndLikeIt" time="22.856"/>
  <system-out/>
</testsuite> <!-- test.TestPostComments -->
