<?xml version="1.0" encoding="UTF-8"?>
<!-- Generated by org.testng.reporters.JUnitReportReporter -->
<testsuite hostname="Hemal" failures="0" tests="1" name="test.LogoTest" time="27.931" errors="0" timestamp="2023-01-31T18:23:42 GMT-12:00" skipped="0">
  <testcase classname="test.LogoTest" name="logoMethod" time="27.931"/>
  <system-out/>
</testsuite> <!-- test.LogoTest -->
