<?xml version="1.0" encoding="UTF-8"?>
<!-- Generated by org.testng.reporters.JUnitReportReporter -->
<testsuite hostname="KABIR" failures="0" tests="1" name="test.TestTimeSheets" time="17.268" errors="0" timestamp="2023-02-07T16:29:56 EST" skipped="0">
  <testcase classname="test.TestTimeSheets" name="timeSheetsForEmployees" time="17.268"/>
  <system-out/>
</testsuite> <!-- test.TestTimeSheets -->
