<?xml version="1.0" encoding="UTF-8"?>
<!-- Generated by org.testng.reporters.JUnitReportReporter -->
<testsuite hostname="Hemal" failures="0" tests="1" name="test.SearchTest" time="8.100" errors="0" timestamp="2023-02-05T22:57:59 GMT-12:00" skipped="0">
  <testcase classname="test.SearchTest" name="testMethod" time="8.100"/>
  <system-out/>
</testsuite> <!-- test.SearchTest -->
