<?xml version="1.0" encoding="UTF-8"?>
<!-- Generated by org.testng.reporters.JUnitReportReporter -->
<testsuite hostname="Hemal" failures="0" tests="1" name="test.CalendarTest" time="7.235" errors="0" timestamp="2023-02-08T18:45:03 GMT-12:00" skipped="0">
  <testcase classname="test.CalendarTest" name="testCalendar" time="7.235"/>
  <system-out/>
</testsuite> <!-- test.CalendarTest -->
