<?xml version="1.0" encoding="UTF-8"?>
<!-- Generated by org.testng.reporters.JUnitReportReporter -->
<testsuite hostname="KABIR" failures="0" tests="1" name="test.TestLogIn" time="16.875" errors="0" timestamp="2023-02-07T16:29:56 EST" skipped="0">
  <testcase classname="test.TestLogIn" name="logInOnHomePage" time="16.875"/>
  <system-out/>
</testsuite> <!-- test.TestLogIn -->
