<?xml version="1.0" encoding="UTF-8"?>
<!-- Generated by org.testng.reporters.JUnitReportReporter -->
<testsuite hostname="KABIR" failures="0" tests="1" name="test.TestAddInfoEverything" time="42.077" errors="0" timestamp="2023-02-05T19:29:21 EST" skipped="0">
  <testcase classname="test.TestAddInfoEverything" name="addEmergencyContact" time="42.077"/>
  <system-out/>
</testsuite> <!-- test.TestAddInfoEverything -->
