<?xml version="1.0" encoding="UTF-8"?>
<!-- Generated by org.testng.reporters.JUnitReportReporter -->
<testsuite hostname="KABIR" failures="0" tests="1" name="test.TestMostLikePost" time="18.230" errors="0" timestamp="2023-02-05T19:27:25 EST" skipped="0">
  <testcase classname="test.TestMostLikePost" name="mostLikePostButtonClick" time="18.230"/>
  <system-out/>
</testsuite> <!-- test.TestMostLikePost -->
