<?xml version="1.0" encoding="UTF-8"?>
<!-- Generated by org.testng.reporters.JUnitReportReporter -->
<testsuite hostname="KABIR" failures="0" tests="1" name="test.TestReportsOfQAEngineers" time="48.334" errors="0" timestamp="2023-01-24T16:53:33 EST" skipped="0">
  <testcase classname="test.TestReportsOfQAEngineers" name="reportGeneration" time="48.334"/>
  <system-out/>
</testsuite> <!-- test.TestReportsOfQAEngineers -->
