<?xml version="1.0" encoding="UTF-8"?>
<!-- Generated by org.testng.reporters.JUnitReportReporter -->
<testsuite hostname="KABIR" failures="0" tests="1" name="test.TestLogOut" time="31.323" errors="0" timestamp="2023-01-31T17:56:59 EST" skipped="0">
  <testcase classname="test.TestLogOut" name="logOutFromOrangehrmPage" time="31.323"/>
  <system-out/>
</testsuite> <!-- test.TestLogOut -->
