<?xml version="1.0" encoding="UTF-8"?>
<!-- Generated by org.testng.reporters.JUnitReportReporter -->
<testsuite hostname="KABIR" failures="0" tests="1" name="test.TestTimeSheets" time="43.102" errors="0" timestamp="2023-01-24T16:53:33 EST" skipped="0">
  <testcase classname="test.TestTimeSheets" name="timeSheetsForEmployees" time="43.102"/>
  <system-out/>
</testsuite> <!-- test.TestTimeSheets -->
