<?xml version="1.0" encoding="UTF-8"?>
<!-- Generated by org.testng.reporters.JUnitReportReporter -->
<testsuite hostname="KABIR" failures="0" tests="6" name="test.TestTimeFunctionAll" time="190.498" errors="0" timestamp="2023-01-31T17:56:59 EST" skipped="0">
  <testcase classname="test.TestTimeFunctionAll" name="projectInfoForCustomers" time="29.441"/>
  <system-out/>
  <testcase classname="test.TestTimeFunctionAll" name="deleteRowFromEditTimeSheet" time="40.056"/>
  <system-out/>
  <testcase classname="test.TestTimeFunctionAll" name="attendanceConfiguration" time="28.998"/>
  <system-out/>
  <testcase classname="test.TestTimeFunctionAll" name="summeryReportForEngineers" time="34.529"/>
  <system-out/>
  <testcase classname="test.TestTimeFunctionAll" name="viewSelectedEmployee" time="26.646"/>
  <system-out/>
  <testcase classname="test.TestTimeFunctionAll" name="addRowInEditTimeSheet" time="30.828"/>
  <system-out/>
</testsuite> <!-- test.TestTimeFunctionAll -->
