<?xml version="1.0" encoding="UTF-8"?>
<!-- Generated by org.testng.reporters.JUnitReportReporter -->
<testsuite hostname="KABIR" failures="0" tests="1" name="test.TestPostComments" time="36.327" errors="0" timestamp="2023-01-31T17:56:59 EST" skipped="0">
  <testcase classname="test.TestPostComments" name="postCommentsAndLikeIt" time="36.327"/>
  <system-out/>
</testsuite> <!-- test.TestPostComments -->
