<?xml version="1.0" encoding="UTF-8"?>
<!-- Generated by org.testng.reporters.JUnitReportReporter -->
<testsuite hostname="Hemal" failures="0" tests="1" name="test.LogOutTest" time="10.904" errors="0" timestamp="2023-02-01T12:41:53 GMT-12:00" skipped="0">
  <testcase classname="test.LogOutTest" name="logoutMethod" time="10.904"/>
  <system-out/>
</testsuite> <!-- test.LogOutTest -->
