<?xml version="1.0" encoding="UTF-8"?>
<!-- Generated by org.testng.reporters.JUnitReportReporter -->
<testsuite hostname="KABIR" failures="0" tests="1" name="test.TestPostComments" time="16.747" errors="0" timestamp="2023-02-07T16:29:56 EST" skipped="0">
  <testcase classname="test.TestPostComments" name="postCommentsAndLikeIt" time="16.747"/>
  <system-out/>
</testsuite> <!-- test.TestPostComments -->
