<?xml version="1.0" encoding="UTF-8"?>
<!-- Generated by org.testng.reporters.JUnitReportReporter -->
<testsuite hostname="KABIR" failures="0" tests="5" name="test.TestAddInfoEverything" time="85.885" errors="0" timestamp="2023-02-06T10:16:25 EST" skipped="0">
  <testcase classname="test.TestAddInfoEverything" name="addressAndContactDetailsSubmit" time="24.880"/>
  <system-out/>
  <testcase classname="test.TestAddInfoEverything" name="assignAndClickOnAddDependentsAndCancel" time="11.389"/>
  <system-out/>
  <testcase classname="test.TestAddInfoEverything" name="addEmergencyContact" time="18.373"/>
  <system-out/>
  <testcase classname="test.TestAddInfoEverything" name="immigrationRecordAddStatus" time="14.104"/>
  <system-out/>
  <testcase classname="test.TestAddInfoEverything" name="jobDetailsIncludingContactDetails" time="17.139"/>
  <system-out/>
</testsuite> <!-- test.TestAddInfoEverything -->
