<?xml version="1.0" encoding="UTF-8"?>
<!-- Generated by org.testng.reporters.JUnitReportReporter -->
<testsuite hostname="KABIR" failures="0" tests="1" name="test.TestTimeFunctionAll" time="36.007" errors="0" timestamp="2023-01-30T22:41:20 EST" skipped="0">
  <testcase classname="test.TestTimeFunctionAll" name="summeryReportForEngineers" time="36.007"/>
  <system-out/>
</testsuite> <!-- test.TestTimeFunctionAll -->
