<?xml version="1.0" encoding="UTF-8"?>
<!-- Generated by org.testng.reporters.JUnitReportReporter -->
<testsuite hostname="KABIR" failures="0" tests="5" name="test.TestAddInfoEverything" time="43.397" errors="0" timestamp="2023-02-07T16:29:56 EST" skipped="0">
  <testcase classname="test.TestAddInfoEverything" name="addEmergencyContact" time="10.591"/>
  <system-out/>
  <testcase classname="test.TestAddInfoEverything" name="assignAndClickOnAddDependentsAndCancel" time="8.065"/>
  <system-out/>
  <testcase classname="test.TestAddInfoEverything" name="addressAndContactDetailsSubmit" time="8.908"/>
  <system-out/>
  <testcase classname="test.TestAddInfoEverything" name="immigrationRecordAddStatus" time="7.568"/>
  <system-out/>
  <testcase classname="test.TestAddInfoEverything" name="jobDetailsIncludingContactDetails" time="8.265"/>
  <system-out/>
</testsuite> <!-- test.TestAddInfoEverything -->
