<?xml version="1.0" encoding="UTF-8"?>
<!-- Generated by org.testng.reporters.JUnitReportReporter -->
<testsuite hostname="Hemal" failures="0" tests="1" name="test.LoginTest" time="13.878" errors="0" timestamp="2023-02-08T18:35:49 GMT-12:00" skipped="0">
  <testcase classname="test.LoginTest" name="testLogin" time="13.878"/>
  <system-out/>
</testsuite> <!-- test.LoginTest -->
